2017-11-04 18:52:15 - PHP Notice:  Undefined variable: entry_pole_sse in /var/www/html/opencart/admin/view/template/catalog/category_form.tpl on line 60
2017-11-04 18:52:15 - PHP Notice:  Undefined variable: entry_pole_sse in /var/www/html/opencart/admin/view/template/catalog/category_form.tpl on line 60
2017-11-04 19:05:40 - PHP Notice:  Undefined variable: entry_pole_sse in /var/www/html/opencart/admin/view/template/catalog/category_form.tpl on line 60
2017-11-04 19:05:40 - PHP Notice:  Undefined variable: entry_pole_sse in /var/www/html/opencart/admin/view/template/catalog/category_form.tpl on line 60
2017-11-04 19:13:14 - PHP Notice:  Undefined variable: entry_pole_sse in /var/www/html/opencart/admin/view/template/catalog/category_form.tpl on line 60
2017-11-04 19:13:14 - PHP Notice:  Undefined variable: entry_pole_sse in /var/www/html/opencart/admin/view/template/catalog/category_form.tpl on line 60
2017-11-04 19:13:22 - PHP Notice:  Undefined variable: entry_pole_sse in /var/www/html/opencart/admin/view/template/catalog/category_form.tpl on line 60
2017-11-04 19:13:22 - PHP Notice:  Undefined variable: entry_pole_sse in /var/www/html/opencart/admin/view/template/catalog/category_form.tpl on line 60
2017-11-04 19:15:34 - PHP Notice:  Undefined variable: entry_pole_sse in /var/www/html/opencart/admin/view/template/catalog/category_form.tpl on line 60
2017-11-04 19:15:34 - PHP Notice:  Undefined variable: entry_pole_sse in /var/www/html/opencart/admin/view/template/catalog/category_form.tpl on line 60
2017-11-04 19:15:45 - PHP Notice:  Undefined variable: entry_pole_sse in /var/www/html/opencart/admin/view/template/catalog/category_form.tpl on line 60
2017-11-04 19:15:45 - PHP Notice:  Undefined variable: entry_pole_sse in /var/www/html/opencart/admin/view/template/catalog/category_form.tpl on line 60
2017-11-04 19:16:01 - PHP Notice:  Undefined variable: entry_pole_sse in /var/www/html/opencart/admin/view/template/catalog/category_form.tpl on line 60
2017-11-04 19:16:01 - PHP Notice:  Undefined variable: entry_pole_sse in /var/www/html/opencart/admin/view/template/catalog/category_form.tpl on line 60
2017-11-04 19:17:21 - PHP Notice:  Undefined variable: entry_pole_sse in /var/www/html/opencart/admin/view/template/catalog/category_form.tpl on line 60
2017-11-04 19:17:21 - PHP Notice:  Undefined variable: entry_pole_sse in /var/www/html/opencart/admin/view/template/catalog/category_form.tpl on line 60
2017-11-04 19:18:11 - PHP Notice:  Undefined variable: entry_pole_sse in /var/www/html/opencart/admin/view/template/catalog/category_form.tpl on line 60
2017-11-04 19:18:11 - PHP Notice:  Undefined variable: entry_pole_sse in /var/www/html/opencart/admin/view/template/catalog/category_form.tpl on line 60
2017-11-04 19:18:18 - PHP Notice:  Undefined variable: entry_pole_sse in /var/www/html/opencart/admin/view/template/catalog/category_form.tpl on line 60
2017-11-04 19:18:18 - PHP Notice:  Undefined variable: entry_pole_sse in /var/www/html/opencart/admin/view/template/catalog/category_form.tpl on line 60
2017-11-04 19:19:34 - PHP Notice:  Undefined variable: entry_pole_sse in /var/www/html/opencart/admin/view/template/catalog/category_form.tpl on line 60
2017-11-04 19:19:34 - PHP Notice:  Undefined variable: entry_pole_sse in /var/www/html/opencart/admin/view/template/catalog/category_form.tpl on line 60
2017-11-04 19:41:11 - PHP Notice:  Undefined index: pole_sse in /var/www/html/opencart/admin/view/template/catalog/category_form.tpl on line 62
2017-11-04 19:41:11 - PHP Notice:  Undefined index: pole_sse in /var/www/html/opencart/admin/view/template/catalog/category_form.tpl on line 62
2017-11-04 19:43:02 - PHP Notice:  Undefined index: pole_sse in /var/www/html/opencart/admin/view/template/catalog/category_form.tpl on line 62
2017-11-04 19:43:02 - PHP Notice:  Undefined index: pole_sse in /var/www/html/opencart/admin/view/template/catalog/category_form.tpl on line 62
2017-11-04 19:43:38 - PHP Notice:  Undefined index: pole_sse in /var/www/html/opencart/admin/view/template/catalog/category_form.tpl on line 62
2017-11-04 19:43:38 - PHP Notice:  Undefined index: pole_sse in /var/www/html/opencart/admin/view/template/catalog/category_form.tpl on line 62
2017-11-04 19:48:29 - PHP Notice:  Undefined index: pole_sse in /var/www/html/opencart/admin/view/template/catalog/category_form.tpl on line 62
2017-11-04 19:48:29 - PHP Notice:  Undefined index: pole_sse in /var/www/html/opencart/admin/view/template/catalog/category_form.tpl on line 62
2017-11-04 19:49:29 - PHP Notice:  Undefined index: pole_sse in /var/www/html/opencart/admin/view/template/catalog/category_form.tpl on line 62
2017-11-04 19:49:29 - PHP Notice:  Undefined index: pole_sse in /var/www/html/opencart/admin/view/template/catalog/category_form.tpl on line 62
2017-11-04 19:49:32 - PHP Notice:  Undefined index: pole_sse in /var/www/html/opencart/admin/view/template/catalog/category_form.tpl on line 62
2017-11-04 19:49:32 - PHP Notice:  Undefined index: pole_sse in /var/www/html/opencart/admin/view/template/catalog/category_form.tpl on line 62
2017-11-04 19:49:35 - PHP Notice:  Undefined index: pole_sse in /var/www/html/opencart/admin/view/template/catalog/category_form.tpl on line 62
2017-11-04 19:49:35 - PHP Notice:  Undefined index: pole_sse in /var/www/html/opencart/admin/view/template/catalog/category_form.tpl on line 62
2017-11-04 19:49:38 - PHP Notice:  Undefined index: pole_sse in /var/www/html/opencart/admin/view/template/catalog/category_form.tpl on line 62
2017-11-04 19:49:38 - PHP Notice:  Undefined index: pole_sse in /var/www/html/opencart/admin/view/template/catalog/category_form.tpl on line 62
2017-11-04 19:49:43 - PHP Notice:  Undefined index: pole_sse in /var/www/html/opencart/admin/view/template/catalog/category_form.tpl on line 62
2017-11-04 19:49:43 - PHP Notice:  Undefined index: pole_sse in /var/www/html/opencart/admin/view/template/catalog/category_form.tpl on line 62
2017-11-04 19:52:26 - PHP Notice:  Undefined index: pole_sse in /var/www/html/opencart/admin/view/template/catalog/category_form.tpl on line 62
2017-11-04 19:52:26 - PHP Notice:  Undefined index: pole_sse in /var/www/html/opencart/admin/view/template/catalog/category_form.tpl on line 62
2017-11-04 20:01:02 - PHP Notice:  Undefined index: pole_sse in /var/www/html/opencart/admin/view/template/catalog/category_form.tpl on line 62
2017-11-04 20:01:02 - PHP Notice:  Undefined index: pole_sse in /var/www/html/opencart/admin/view/template/catalog/category_form.tpl on line 62
2017-11-04 20:01:05 - PHP Notice:  Undefined index: pole_sse in /var/www/html/opencart/admin/view/template/catalog/category_form.tpl on line 62
2017-11-04 20:01:05 - PHP Notice:  Undefined index: pole_sse in /var/www/html/opencart/admin/view/template/catalog/category_form.tpl on line 62
2017-11-04 20:02:21 - PHP Notice:  Undefined index: pole_sse in /var/www/html/opencart/admin/view/template/catalog/category_form.tpl on line 62
2017-11-04 20:02:21 - PHP Notice:  Undefined index: pole_sse in /var/www/html/opencart/admin/view/template/catalog/category_form.tpl on line 62
2017-11-04 21:07:51 - PHP Notice:  Undefined variable: pole_sse in /var/www/html/opencart/catalog/view/theme/default/template/product/category.tpl on line 25
2017-11-04 21:08:19 - PHP Notice:  Undefined variable: pole_sse in /var/www/html/opencart/catalog/view/theme/default/template/product/category.tpl on line 25
2017-11-04 21:08:22 - PHP Notice:  Undefined variable: pole_sse in /var/www/html/opencart/catalog/view/theme/default/template/product/category.tpl on line 25
2017-11-04 21:08:40 - PHP Notice:  Undefined variable: pole_sse in /var/www/html/opencart/catalog/view/theme/default/template/product/category.tpl on line 25
2017-11-04 21:08:45 - PHP Notice:  Undefined variable: pole_sse in /var/www/html/opencart/catalog/view/theme/default/template/product/category.tpl on line 25
2017-11-04 21:09:33 - PHP Notice:  Undefined variable: pole_sse in /var/www/html/opencart/catalog/view/theme/default/template/product/category.tpl on line 18
2017-11-04 21:09:36 - PHP Notice:  Undefined variable: pole_sse in /var/www/html/opencart/catalog/view/theme/default/template/product/category.tpl on line 18
2017-11-04 21:09:37 - PHP Notice:  Undefined variable: pole_sse in /var/www/html/opencart/catalog/view/theme/default/template/product/category.tpl on line 18
2017-11-04 21:09:39 - PHP Notice:  Undefined variable: pole_sse in /var/www/html/opencart/catalog/view/theme/default/template/product/category.tpl on line 18
2017-11-04 21:10:18 - PHP Notice:  Undefined variable: pole_sse in /var/www/html/opencart/catalog/view/theme/default/template/product/category.tpl on line 18
2017-11-04 21:10:29 - PHP Notice:  Undefined variable: pole_sse in /var/www/html/opencart/catalog/view/theme/default/template/product/category.tpl on line 18
2017-11-04 21:10:40 - PHP Notice:  Undefined variable: pole_sse in /var/www/html/opencart/catalog/view/theme/default/template/product/category.tpl on line 18
2017-11-04 21:10:42 - PHP Notice:  Undefined variable: pole_sse in /var/www/html/opencart/catalog/view/theme/default/template/product/category.tpl on line 18
2017-11-04 21:10:43 - PHP Notice:  Undefined variable: pole_sse in /var/www/html/opencart/catalog/view/theme/default/template/product/category.tpl on line 18
2017-11-04 21:10:44 - PHP Notice:  Undefined variable: pole_sse in /var/www/html/opencart/catalog/view/theme/default/template/product/category.tpl on line 18
2017-11-04 21:10:46 - PHP Notice:  Undefined variable: pole_sse in /var/www/html/opencart/catalog/view/theme/default/template/product/category.tpl on line 18
2017-11-04 21:10:50 - PHP Notice:  Undefined variable: pole_sse in /var/www/html/opencart/catalog/view/theme/default/template/product/category.tpl on line 18
2017-11-04 21:10:51 - PHP Notice:  Undefined variable: pole_sse in /var/www/html/opencart/catalog/view/theme/default/template/product/category.tpl on line 18
2017-11-04 21:17:40 - PHP Notice:  Undefined variable: pole_sse in /var/www/html/opencart/catalog/view/theme/default/template/product/category.tpl on line 18
2017-11-04 21:17:40 - PHP Notice:  Undefined variable: description in /var/www/html/opencart/catalog/view/theme/default/template/product/category.tpl on line 25
2017-11-04 21:17:53 - PHP Notice:  Undefined variable: pole_sse in /var/www/html/opencart/catalog/view/theme/default/template/product/category.tpl on line 18
2017-11-04 21:17:53 - PHP Notice:  Undefined variable: description in /var/www/html/opencart/catalog/view/theme/default/template/product/category.tpl on line 20
2017-11-04 21:17:55 - PHP Notice:  Undefined variable: pole_sse in /var/www/html/opencart/catalog/view/theme/default/template/product/category.tpl on line 18
2017-11-04 21:17:55 - PHP Notice:  Undefined variable: description in /var/www/html/opencart/catalog/view/theme/default/template/product/category.tpl on line 20
2017-11-04 21:17:57 - PHP Notice:  Undefined variable: pole_sse in /var/www/html/opencart/catalog/view/theme/default/template/product/category.tpl on line 18
2017-11-04 21:17:57 - PHP Notice:  Undefined variable: description in /var/www/html/opencart/catalog/view/theme/default/template/product/category.tpl on line 25
2017-11-04 21:24:55 - PHP Notice:  Undefined index: meta_description1 in /var/www/html/opencart/catalog/controller/product/category.php on line 100
2017-11-04 21:24:57 - PHP Notice:  Undefined index: meta_description1 in /var/www/html/opencart/catalog/controller/product/category.php on line 100
2017-11-04 21:24:59 - PHP Notice:  Undefined index: meta_description1 in /var/www/html/opencart/catalog/controller/product/category.php on line 100
2017-11-04 21:25:02 - PHP Notice:  Undefined index: meta_description1 in /var/www/html/opencart/catalog/controller/product/category.php on line 100
2017-11-04 21:25:04 - PHP Notice:  Undefined index: meta_description1 in /var/www/html/opencart/catalog/controller/product/category.php on line 100
2017-11-04 21:25:08 - PHP Notice:  Undefined index: meta_description1 in /var/www/html/opencart/catalog/controller/product/category.php on line 100
2017-11-04 21:25:10 - PHP Notice:  Undefined index: meta_description1 in /var/www/html/opencart/catalog/controller/product/category.php on line 100
2017-11-04 21:25:12 - PHP Notice:  Undefined index: meta_description1 in /var/www/html/opencart/catalog/controller/product/category.php on line 100
2017-11-04 21:25:14 - PHP Notice:  Undefined index: meta_description1 in /var/www/html/opencart/catalog/controller/product/category.php on line 100
2017-11-04 21:27:25 - PHP Notice:  Undefined index: 1meta_h1 in /var/www/html/opencart/catalog/controller/product/category.php on line 104
2017-11-04 21:27:30 - PHP Notice:  Undefined index: 1meta_h1 in /var/www/html/opencart/catalog/controller/product/category.php on line 104
2017-11-04 21:44:42 - PHP Notice:  Undefined index: pole_sse in /var/www/html/opencart/admin/view/template/catalog/category_form.tpl on line 62
2017-11-04 21:44:42 - PHP Notice:  Undefined index: pole_sse in /var/www/html/opencart/admin/view/template/catalog/category_form.tpl on line 62
2017-11-04 21:47:28 - PHP Notice:  Undefined index: pole_sse in /var/www/html/opencart/admin/view/template/catalog/category_form.tpl on line 62
2017-11-04 21:47:28 - PHP Notice:  Undefined index: pole_sse in /var/www/html/opencart/admin/view/template/catalog/category_form.tpl on line 62
2017-11-04 21:47:32 - PHP Notice:  Undefined index: pole_sse in /var/www/html/opencart/admin/view/template/catalog/category_form.tpl on line 62
2017-11-04 21:47:32 - PHP Notice:  Undefined index: pole_sse in /var/www/html/opencart/admin/view/template/catalog/category_form.tpl on line 62
2017-11-04 21:47:47 - PHP Notice:  Undefined index: pole_sse in /var/www/html/opencart/admin/view/template/catalog/category_form.tpl on line 62
2017-11-04 21:47:47 - PHP Notice:  Undefined index: pole_sse in /var/www/html/opencart/admin/view/template/catalog/category_form.tpl on line 62
2017-11-04 21:49:49 - PHP Notice:  Undefined index: pole_sse in /var/www/html/opencart/admin/view/template/catalog/category_form.tpl on line 62
2017-11-04 21:49:49 - PHP Notice:  Undefined index: pole_sse in /var/www/html/opencart/admin/view/template/catalog/category_form.tpl on line 62
2017-11-04 21:50:37 - PHP Notice:  Undefined index: pole_sse in /var/www/html/opencart/admin/view/template/catalog/category_form.tpl on line 62
2017-11-04 21:50:37 - PHP Notice:  Undefined index: pole_sse in /var/www/html/opencart/admin/view/template/catalog/category_form.tpl on line 62
2017-11-04 21:50:59 - PHP Notice:  Undefined index: pole_sse in /var/www/html/opencart/admin/view/template/catalog/category_form.tpl on line 62
2017-11-04 21:50:59 - PHP Notice:  Undefined index: pole_sse in /var/www/html/opencart/admin/view/template/catalog/category_form.tpl on line 62
2017-11-04 21:53:30 - PHP Notice:  Undefined index:  in /var/www/html/opencart/admin/view/template/catalog/category_form.tpl on line 62
2017-11-04 21:53:30 - PHP Notice:  Undefined index:  in /var/www/html/opencart/admin/view/template/catalog/category_form.tpl on line 62
2017-11-04 21:53:37 - PHP Notice:  Undefined index:  in /var/www/html/opencart/admin/view/template/catalog/category_form.tpl on line 62
2017-11-04 21:53:37 - PHP Notice:  Undefined index:  in /var/www/html/opencart/admin/view/template/catalog/category_form.tpl on line 62
2017-11-04 21:54:38 - PHP Notice:  Undefined index: pole_sse in /var/www/html/opencart/admin/view/template/catalog/category_form.tpl on line 62
2017-11-04 21:54:38 - PHP Notice:  Undefined index: pole_sse in /var/www/html/opencart/admin/view/template/catalog/category_form.tpl on line 62
2017-11-04 22:05:44 - PHP Notice:  Undefined index: pole_sse in /var/www/html/opencart/admin/view/template/catalog/category_form.tpl on line 62
2017-11-04 22:05:44 - PHP Notice:  Undefined index: pole_sse in /var/www/html/opencart/admin/view/template/catalog/category_form.tpl on line 62
2017-11-04 22:05:49 - PHP Notice:  Undefined index: pole_sse in /var/www/html/opencart/admin/view/template/catalog/category_form.tpl on line 62
2017-11-04 22:05:49 - PHP Notice:  Undefined index: pole_sse in /var/www/html/opencart/admin/view/template/catalog/category_form.tpl on line 62
2017-11-04 22:05:58 - PHP Notice:  Undefined index: pole_sse in /var/www/html/opencart/admin/view/template/catalog/category_form.tpl on line 62
2017-11-04 22:05:58 - PHP Notice:  Undefined index: pole_sse in /var/www/html/opencart/admin/view/template/catalog/category_form.tpl on line 62
2017-11-04 22:07:48 - PHP Notice:  Undefined index: pole_sse in /var/www/html/opencart/admin/view/template/catalog/category_form.tpl on line 62
2017-11-04 22:07:48 - PHP Notice:  Undefined index: pole_sse in /var/www/html/opencart/admin/view/template/catalog/category_form.tpl on line 62
2017-11-04 22:07:52 - PHP Notice:  Undefined index: pole_sse in /var/www/html/opencart/admin/view/template/catalog/category_form.tpl on line 62
2017-11-04 22:07:52 - PHP Notice:  Undefined index: pole_sse in /var/www/html/opencart/admin/view/template/catalog/category_form.tpl on line 62
2017-11-04 22:08:24 - PHP Notice:  Undefined index: pole_sse in /var/www/html/opencart/admin/view/template/catalog/category_form.tpl on line 62
2017-11-04 22:08:24 - PHP Notice:  Undefined index: pole_sse in /var/www/html/opencart/admin/view/template/catalog/category_form.tpl on line 62
2017-11-04 22:24:55 - PHP Notice:  Undefined index: pole_sse in /var/www/html/opencart/admin/view/template/catalog/category_form.tpl on line 62
2017-11-04 22:24:55 - PHP Notice:  Undefined index: pole_sse in /var/www/html/opencart/admin/view/template/catalog/category_form.tpl on line 62
2017-11-04 22:26:41 - PHP Notice:  Undefined index: pole_sse in /var/www/html/opencart/admin/view/template/catalog/category_form.tpl on line 62
2017-11-04 22:26:41 - PHP Notice:  Undefined index: pole_sse in /var/www/html/opencart/admin/view/template/catalog/category_form.tpl on line 62
2017-11-04 22:26:49 - PHP Notice:  Undefined index: pole_sse in /var/www/html/opencart/admin/view/template/catalog/category_form.tpl on line 62
2017-11-04 22:26:49 - PHP Notice:  Undefined index: pole_sse in /var/www/html/opencart/admin/view/template/catalog/category_form.tpl on line 62
2017-11-04 22:27:13 - PHP Notice:  Undefined index: pole_sse in /var/www/html/opencart/admin/view/template/catalog/category_form.tpl on line 62
2017-11-04 22:27:13 - PHP Notice:  Undefined index: pole_sse in /var/www/html/opencart/admin/view/template/catalog/category_form.tpl on line 62
2017-11-04 22:27:18 - PHP Notice:  Undefined index: pole_sse in /var/www/html/opencart/admin/view/template/catalog/category_form.tpl on line 62
2017-11-04 22:27:18 - PHP Notice:  Undefined index: pole_sse in /var/www/html/opencart/admin/view/template/catalog/category_form.tpl on line 62
2017-11-04 22:27:52 - PHP Notice:  Undefined index: pole_sse in /var/www/html/opencart/admin/view/template/catalog/category_form.tpl on line 62
2017-11-04 22:27:52 - PHP Notice:  Undefined index: pole_sse in /var/www/html/opencart/admin/view/template/catalog/category_form.tpl on line 62
2017-11-04 22:27:55 - PHP Notice:  Undefined index: pole_sse in /var/www/html/opencart/admin/view/template/catalog/category_form.tpl on line 62
2017-11-04 22:27:55 - PHP Notice:  Undefined index: pole_sse in /var/www/html/opencart/admin/view/template/catalog/category_form.tpl on line 62
2017-11-04 22:28:04 - PHP Notice:  Undefined index: pole_sse in /var/www/html/opencart/admin/view/template/catalog/category_form.tpl on line 62
2017-11-04 22:28:04 - PHP Notice:  Undefined index: pole_sse in /var/www/html/opencart/admin/view/template/catalog/category_form.tpl on line 62
2017-11-04 22:28:20 - PHP Notice:  Undefined index: pole_sse in /var/www/html/opencart/admin/view/template/catalog/category_form.tpl on line 62
2017-11-04 22:28:20 - PHP Notice:  Undefined index: pole_sse in /var/www/html/opencart/admin/view/template/catalog/category_form.tpl on line 62
2017-11-04 22:28:23 - PHP Notice:  Undefined index: pole_sse in /var/www/html/opencart/admin/view/template/catalog/category_form.tpl on line 62
2017-11-04 22:28:23 - PHP Notice:  Undefined index: pole_sse in /var/www/html/opencart/admin/view/template/catalog/category_form.tpl on line 62
2017-11-04 22:28:27 - PHP Notice:  Undefined index: pole_sse in /var/www/html/opencart/admin/view/template/catalog/category_form.tpl on line 62
2017-11-04 22:28:27 - PHP Notice:  Undefined index: pole_sse in /var/www/html/opencart/admin/view/template/catalog/category_form.tpl on line 62
2017-11-04 22:28:41 - PHP Notice:  Undefined index: pole_sse in /var/www/html/opencart/admin/view/template/catalog/category_form.tpl on line 62
2017-11-04 22:28:41 - PHP Notice:  Undefined index: pole_sse in /var/www/html/opencart/admin/view/template/catalog/category_form.tpl on line 62
2017-11-04 22:28:54 - PHP Notice:  Undefined index: pole_sse in /var/www/html/opencart/admin/view/template/catalog/category_form.tpl on line 62
2017-11-04 22:28:54 - PHP Notice:  Undefined index: pole_sse in /var/www/html/opencart/admin/view/template/catalog/category_form.tpl on line 62
2017-11-04 22:28:57 - PHP Notice:  Undefined index: pole_sse in /var/www/html/opencart/admin/view/template/catalog/category_form.tpl on line 62
2017-11-04 22:28:57 - PHP Notice:  Undefined index: pole_sse in /var/www/html/opencart/admin/view/template/catalog/category_form.tpl on line 62
2017-11-04 22:29:01 - PHP Notice:  Undefined index: pole_sse in /var/www/html/opencart/admin/view/template/catalog/category_form.tpl on line 62
2017-11-04 22:29:01 - PHP Notice:  Undefined index: pole_sse in /var/www/html/opencart/admin/view/template/catalog/category_form.tpl on line 62
2017-11-04 22:29:34 - PHP Notice:  Undefined index: pole_sse in /var/www/html/opencart/admin/view/template/catalog/category_form.tpl on line 62
2017-11-04 22:29:34 - PHP Notice:  Undefined index: pole_sse in /var/www/html/opencart/admin/view/template/catalog/category_form.tpl on line 62
2017-11-04 22:29:37 - PHP Notice:  Undefined index: pole_sse in /var/www/html/opencart/admin/view/template/catalog/category_form.tpl on line 62
2017-11-04 22:29:37 - PHP Notice:  Undefined index: pole_sse in /var/www/html/opencart/admin/view/template/catalog/category_form.tpl on line 62
2017-11-04 22:29:41 - PHP Notice:  Undefined index: pole_sse in /var/www/html/opencart/admin/view/template/catalog/category_form.tpl on line 62
2017-11-04 22:29:41 - PHP Notice:  Undefined index: pole_sse in /var/www/html/opencart/admin/view/template/catalog/category_form.tpl on line 62
2017-11-04 22:29:43 - PHP Notice:  Undefined index: pole_sse in /var/www/html/opencart/admin/view/template/catalog/category_form.tpl on line 62
2017-11-04 22:29:43 - PHP Notice:  Undefined index: pole_sse in /var/www/html/opencart/admin/view/template/catalog/category_form.tpl on line 62
2017-11-04 22:29:44 - PHP Notice:  Undefined index: pole_sse in /var/www/html/opencart/admin/view/template/catalog/category_form.tpl on line 62
2017-11-04 22:29:44 - PHP Notice:  Undefined index: pole_sse in /var/www/html/opencart/admin/view/template/catalog/category_form.tpl on line 62
2017-11-04 22:29:44 - PHP Notice:  Undefined index: pole_sse in /var/www/html/opencart/admin/view/template/catalog/category_form.tpl on line 62
2017-11-04 22:29:44 - PHP Notice:  Undefined index: pole_sse in /var/www/html/opencart/admin/view/template/catalog/category_form.tpl on line 62
2017-11-04 22:29:45 - PHP Notice:  Undefined index: pole_sse in /var/www/html/opencart/admin/view/template/catalog/category_form.tpl on line 62
2017-11-04 22:29:45 - PHP Notice:  Undefined index: pole_sse in /var/www/html/opencart/admin/view/template/catalog/category_form.tpl on line 62
2017-11-04 22:29:52 - PHP Notice:  Undefined index: pole_sse in /var/www/html/opencart/admin/view/template/catalog/category_form.tpl on line 62
2017-11-04 22:29:52 - PHP Notice:  Undefined index: pole_sse in /var/www/html/opencart/admin/view/template/catalog/category_form.tpl on line 62
2017-11-04 22:30:42 - PHP Notice:  Undefined index: pole_sse in /var/www/html/opencart/admin/view/template/catalog/category_form.tpl on line 62
2017-11-04 22:30:42 - PHP Notice:  Undefined index: pole_sse in /var/www/html/opencart/admin/view/template/catalog/category_form.tpl on line 62
2017-11-04 22:31:06 - PHP Notice:  Undefined index: pole_sse in /var/www/html/opencart/admin/view/template/catalog/category_form.tpl on line 62
2017-11-04 22:31:06 - PHP Notice:  Undefined index: pole_sse in /var/www/html/opencart/admin/view/template/catalog/category_form.tpl on line 62
2017-11-04 22:39:12 - PHP Notice:  Undefined index: pole_sse in /var/www/html/opencart/admin/view/template/catalog/category_form.tpl on line 62
2017-11-04 22:39:12 - PHP Notice:  Undefined index: pole_sse in /var/www/html/opencart/admin/view/template/catalog/category_form.tpl on line 62
2017-11-04 22:40:16 - PHP Notice:  Undefined index: pole_sse in /var/www/html/opencart/admin/view/template/catalog/category_form.tpl on line 62
2017-11-04 22:40:16 - PHP Notice:  Undefined index: pole_sse in /var/www/html/opencart/admin/view/template/catalog/category_form.tpl on line 62
2017-11-04 22:40:22 - PHP Notice:  Undefined index: pole_sse in /var/www/html/opencart/admin/view/template/catalog/category_form.tpl on line 62
2017-11-04 22:40:22 - PHP Notice:  Undefined index: pole_sse in /var/www/html/opencart/admin/view/template/catalog/category_form.tpl on line 62
2017-11-04 22:40:36 - PHP Notice:  Undefined index: pole_sse in /var/www/html/opencart/admin/view/template/catalog/category_form.tpl on line 62
2017-11-04 22:40:36 - PHP Notice:  Undefined index: pole_sse in /var/www/html/opencart/admin/view/template/catalog/category_form.tpl on line 62
2017-11-04 22:41:00 - PHP Notice:  Undefined index: pole_sse in /var/www/html/opencart/admin/view/template/catalog/category_form.tpl on line 62
2017-11-04 22:41:00 - PHP Notice:  Undefined index: pole_sse in /var/www/html/opencart/admin/view/template/catalog/category_form.tpl on line 62
2017-11-04 22:41:03 - PHP Notice:  Undefined index: pole_sse in /var/www/html/opencart/admin/view/template/catalog/category_form.tpl on line 62
2017-11-04 22:41:03 - PHP Notice:  Undefined index: pole_sse in /var/www/html/opencart/admin/view/template/catalog/category_form.tpl on line 62
2017-11-04 22:45:28 - PHP Notice:  Undefined index: pole_sse in /var/www/html/opencart/admin/view/template/catalog/category_form.tpl on line 62
2017-11-04 22:45:28 - PHP Notice:  Undefined index: pole_sse in /var/www/html/opencart/admin/view/template/catalog/category_form.tpl on line 62
2017-11-04 22:50:16 - PHP Notice:  Undefined index: pole_sse in /var/www/html/opencart/admin/view/template/catalog/category_form.tpl on line 62
2017-11-04 22:50:16 - PHP Notice:  Undefined index: pole_sse in /var/www/html/opencart/admin/view/template/catalog/category_form.tpl on line 62
2017-11-04 22:50:25 - PHP Notice:  Undefined index: pole_sse in /var/www/html/opencart/admin/view/template/catalog/category_form.tpl on line 62
2017-11-04 22:50:25 - PHP Notice:  Undefined index: pole_sse in /var/www/html/opencart/admin/view/template/catalog/category_form.tpl on line 62
2017-11-04 22:50:47 - PHP Notice:  Undefined index: pole_sse in /var/www/html/opencart/admin/view/template/catalog/category_form.tpl on line 62
2017-11-04 22:50:47 - PHP Notice:  Undefined index: pole_sse in /var/www/html/opencart/admin/view/template/catalog/category_form.tpl on line 62
2017-11-04 22:51:01 - PHP Notice:  Undefined index: pole_sse in /var/www/html/opencart/admin/view/template/catalog/category_form.tpl on line 62
2017-11-04 22:51:01 - PHP Notice:  Undefined index: pole_sse in /var/www/html/opencart/admin/view/template/catalog/category_form.tpl on line 62
2017-11-04 22:54:04 - PHP Notice:  Undefined index: pole_sse in /var/www/html/opencart/admin/view/template/catalog/category_form.tpl on line 62
2017-11-04 22:54:04 - PHP Notice:  Undefined index: pole_sse in /var/www/html/opencart/admin/view/template/catalog/category_form.tpl on line 62
2017-11-04 22:54:12 - PHP Notice:  Undefined index: pole_sse in /var/www/html/opencart/admin/view/template/catalog/category_form.tpl on line 62
2017-11-04 22:54:12 - PHP Notice:  Undefined index: pole_sse in /var/www/html/opencart/admin/view/template/catalog/category_form.tpl on line 62
2017-11-04 22:54:16 - PHP Notice:  Undefined index: pole_sse in /var/www/html/opencart/admin/view/template/catalog/category_form.tpl on line 62
2017-11-04 22:54:16 - PHP Notice:  Undefined index: pole_sse in /var/www/html/opencart/admin/view/template/catalog/category_form.tpl on line 62
2017-11-04 22:54:21 - PHP Notice:  Undefined index: pole_sse in /var/www/html/opencart/admin/view/template/catalog/category_form.tpl on line 62
2017-11-04 22:54:21 - PHP Notice:  Undefined index: pole_sse in /var/www/html/opencart/admin/view/template/catalog/category_form.tpl on line 62
2017-11-04 22:54:35 - PHP Notice:  Undefined index: pole_sse in /var/www/html/opencart/admin/view/template/catalog/category_form.tpl on line 62
2017-11-04 22:54:35 - PHP Notice:  Undefined index: pole_sse in /var/www/html/opencart/admin/view/template/catalog/category_form.tpl on line 62
2017-11-04 22:56:53 - PHP Notice:  Undefined index: pole_sse in /var/www/html/opencart/admin/view/template/catalog/category_form.tpl on line 62
2017-11-04 22:56:53 - PHP Notice:  Undefined index: pole_sse in /var/www/html/opencart/admin/view/template/catalog/category_form.tpl on line 62
2017-11-04 22:58:29 - PHP Notice:  Undefined index: pole_sse in /var/www/html/opencart/admin/view/template/catalog/category_form.tpl on line 62
2017-11-04 22:58:29 - PHP Notice:  Undefined index: pole_sse in /var/www/html/opencart/admin/view/template/catalog/category_form.tpl on line 62
2017-11-04 23:03:59 - PHP Notice:  Undefined index: pole_sse in /var/www/html/opencart/admin/view/template/catalog/category_form.tpl on line 62
2017-11-04 23:03:59 - PHP Notice:  Undefined index: pole_sse in /var/www/html/opencart/admin/view/template/catalog/category_form.tpl on line 62
2017-11-04 23:04:15 - PHP Notice:  Undefined index: pole_sse in /var/www/html/opencart/admin/view/template/catalog/category_form.tpl on line 62
2017-11-04 23:04:15 - PHP Notice:  Undefined index: pole_sse in /var/www/html/opencart/admin/view/template/catalog/category_form.tpl on line 62
2017-11-04 23:04:30 - PHP Notice:  Undefined index: pole_sse in /var/www/html/opencart/admin/view/template/catalog/category_form.tpl on line 62
2017-11-04 23:04:30 - PHP Notice:  Undefined index: pole_sse in /var/www/html/opencart/admin/view/template/catalog/category_form.tpl on line 62
2017-11-04 23:05:13 - PHP Notice:  Undefined index: pole_sse in /var/www/html/opencart/admin/view/template/catalog/category_form.tpl on line 62
2017-11-04 23:05:13 - PHP Notice:  Undefined index: pole_sse in /var/www/html/opencart/admin/view/template/catalog/category_form.tpl on line 62
2017-11-04 23:05:22 - PHP Notice:  Undefined index: pole_sse in /var/www/html/opencart/admin/view/template/catalog/category_form.tpl on line 62
2017-11-04 23:05:22 - PHP Notice:  Undefined index: pole_sse in /var/www/html/opencart/admin/view/template/catalog/category_form.tpl on line 62
2017-11-04 23:05:40 - PHP Notice:  Undefined index: pole_sse in /var/www/html/opencart/admin/view/template/catalog/category_form.tpl on line 62
2017-11-04 23:05:40 - PHP Notice:  Undefined index: pole_sse in /var/www/html/opencart/admin/view/template/catalog/category_form.tpl on line 62
2017-11-04 23:06:02 - PHP Notice:  Undefined index: pole_sse in /var/www/html/opencart/admin/view/template/catalog/category_form.tpl on line 62
2017-11-04 23:06:02 - PHP Notice:  Undefined index: pole_sse in /var/www/html/opencart/admin/view/template/catalog/category_form.tpl on line 62
2017-11-04 23:07:05 - PHP Notice:  Undefined index: pole_sse in /var/www/html/opencart/admin/view/template/catalog/category_form.tpl on line 64
2017-11-04 23:07:05 - PHP Notice:  Undefined index: pole_sse in /var/www/html/opencart/admin/view/template/catalog/category_form.tpl on line 64
2017-11-04 23:08:38 - PHP Notice:  Undefined index: pole_sse in /var/www/html/opencart/admin/view/template/catalog/category_form.tpl on line 62
2017-11-04 23:08:38 - PHP Notice:  Undefined index: pole_sse in /var/www/html/opencart/admin/view/template/catalog/category_form.tpl on line 62
2017-11-04 23:08:48 - PHP Notice:  Undefined index: pole_sse in /var/www/html/opencart/admin/view/template/catalog/category_form.tpl on line 62
2017-11-04 23:08:48 - PHP Notice:  Undefined index: pole_sse in /var/www/html/opencart/admin/view/template/catalog/category_form.tpl on line 62
2017-11-05 0:43:22 - PHP Notice:  Undefined index: pole_sse in /var/www/html/opencart/admin/view/template/setting/setting.tpl on line 67
2017-11-05 0:43:22 - PHP Notice:  Undefined index: pole_sse in /var/www/html/opencart/admin/view/template/setting/setting.tpl on line 67
2017-11-05 0:54:12 - PHP Notice:  Undefined index: pole_sse in /var/www/html/opencart/admin/view/template/setting/setting.tpl on line 67
2017-11-05 0:54:12 - PHP Notice:  Undefined index: pole_sse in /var/www/html/opencart/admin/view/template/setting/setting.tpl on line 67
2017-11-05 15:47:40 - PHP Notice:  Undefined index: pole_sse in /var/www/html/opencart/admin/view/template/setting/setting.tpl on line 67
2017-11-05 15:47:40 - PHP Notice:  Undefined index: pole_sse in /var/www/html/opencart/admin/view/template/setting/setting.tpl on line 67
